* using log directory 'C:/Users/abaezaca/Dropbox (ASU)/MEGADAPT/COMSES/megadapt/src/r/megadaptr.Rcheck'
* using R version 3.5.3 (2019-03-11)
* using platform: x86_64-w64-mingw32 (64-bit)
* using session charset: ISO8859-1
* using options '--no-manual --as-cran'
* checking for file 'megadaptr/DESCRIPTION' ... OK
* checking extension type ... Package
* this is package 'megadaptr' version '0.1.0'
* package encoding: UTF-8
* checking package namespace information ... OK
* checking package dependencies ... OK
* checking if this is a source package ... OK
* checking if there is a namespace ... OK
* checking for executable files ... OK
* checking for hidden files and directories ... OK
* checking for portable file names ... OK
* checking whether package 'megadaptr' can be installed ... OK
* checking installed package size ... OK
* checking package directory ... OK
* checking DESCRIPTION meta-information ... WARNING
Dependence on R version '3.5.2' not with patchlevel 0
* checking top-level files ... OK
* checking for left-over files ... OK
* checking index information ... OK
* checking package subdirectories ... OK
* checking R files for non-ASCII characters ... OK
* checking R files for syntax errors ... OK
* checking whether the package can be loaded ... OK
* checking whether the package can be loaded with stated dependencies ... OK
* checking whether the package can be unloaded cleanly ... OK
* checking whether the namespace can be loaded with stated dependencies ... OK
* checking whether the namespace can be unloaded cleanly ... OK
* checking loading without being on the library search path ... OK
* checking dependencies in R code ... WARNING
'::' or ':::' import not declared from: 'tibble'
* checking S3 generic/method consistency ... OK
* checking replacement functions ... OK
* checking foreign function calls ... OK
* checking R code for possible problems ... NOTE
calc.Si: no visible binding for '<<-' assignment to 'vhat'
calc.Si: no visible binding for global variable 'vhat'
calculate_scarcity_index: no visible binding for global variable
  'study_data'
calculate_scarcity_index: no visible binding for global variable
  'study_area'
calculate_scarcity_index: no visible binding for global variable
  'shortage_age'
calculate_scarcity_index: no visible binding for global variable
  'hydraulic_pressure_failure'
calculate_scarcity_index: no visible binding for global variable
  'fv_ingreso'
create_time_info: no visible binding for global variable 'year'
create_time_info: no visible binding for global variable 'month'
create_time_info: no visible global function definition for 'n'
determine_site_suitability: no visible binding for global variable
  'scarcity_index'
determine_site_suitability: no visible binding for global variable
  'vf_scarcity_residents'
initialize_megadapt: no visible global function definition for
  'data_dir'
initialize_megadapt: no visible binding for global variable 'estado'
initialize_megadapt: no visible global function definition for
  'read.csv'
initialize_megadapt: no visible binding for '<<-' assignment to
  'megadapt'
initialize_megadapt: no visible binding for global variable 'megadapt'
load_climate_scenario: no visible global function definition for
  'read.csv'
load_value_function_config: no visible global function definition for
  'read.csv'
load_value_function_config: no visible binding for global variable 'V1'
load_value_function_config: no visible binding for global variable 'V2'
run: no visible binding for global variable 'time_sim'
run: no visible binding for global variable 'vulnerability_Ab'
run: no visible binding for global variable 'vulnerability_D'
simulate_megadapt: no visible binding for global variable 'year'
update_climate: no visible binding for global variable 'year'
update_flooding: no visible binding for global variable 'region'
update_flooding: no visible binding for global variable 'ageb_id'
update_flooding: no visible binding for global variable 'inunda'
update_ponding: no visible binding for global variable 'region'
update_ponding: no visible binding for global variable 'ageb_id'
update_ponding: no visible binding for global variable 'encharca'
update_public_infrastructure: no visible binding for global variable
  '.'
update_public_infrastructure: no visible binding for global variable
  'ageb_id'
update_public_infrastructure: no visible binding for global variable
  'antiguedad_dist'
update_public_infrastructure: no visible binding for global variable
  'antiguedad_D'
update_public_infrastructure: no visible binding for global variable
  'bombeo_tot'
update_public_infrastructure: no visible binding for global variable
  'falta_dren'
update_public_infrastructure: no visible binding for global variable
  'Interventions_Ab'
update_public_infrastructure: no visible binding for global variable
  'Interventions_D'
update_public_infrastructure: no visible binding for global variable
  'q100'
update_public_infrastructure: no visible binding for global variable
  'falta_dist'
update_residential_infrastructure_investments: no visible global
  function definition for ':='
update_residential_infrastructure_investments: no visible binding for
  global variable 'days_wn_water_year'
update_residential_infrastructure_investments: no visible binding for
  global variable 'ingreso'
update_residential_infrastructure_investments: no visible binding for
  global variable 'encharca'
update_residential_infrastructure_investments: no visible binding for
  global variable 'ageb_id'
update_residential_infrastructure_investments: no visible binding for
  global variable 'vulnerability_Ab'
update_residential_infrastructure_investments: no visible binding for
  global variable 'vulnerability_D'
update_water_scarcity: no visible global function definition for
  'predict'
update_water_scarcity : <anonymous>: no visible global function
  definition for 'rmultinom'
update_water_scarcity: no visible binding for global variable
  'value_function_config'
update_water_scarcity: no visible binding for global variable 'ageb_id'
update_water_scarcity: no visible binding for global variable
  'days_wn_water_two_weeks'
update_water_scarcity_original: no visible global function definition
  for 'predict'
update_water_scarcity_original: no visible global function definition
  for 'rbinom'
update_water_scarcity_original: no visible global function definition
  for 'runif'
update_water_scarcity_original: no visible binding for global variable
  'month_change'
update_water_scarcity_original: no visible binding for global variable
  'i'
update_water_scarcity_original: no visible binding for global variable
  'year_change'
update_year_megadapt: no visible binding for global variable 'ageb_id'
update_year_megadapt: no visible binding for global variable
  'water_scarcity_weekly'
Undefined global functions or variables:
  . := Interventions_Ab Interventions_D V1 V2 falta_dist ageb_id
  antiguedad_dist antiguedad_dren bombeo_tot data_dir
  days_wn_water_two_weeks days_wn_water_year encharca estado falta_dren
  fv_ingreso hydraulic_pressure_failure i ingreso inunda megadapt month
  month_change n predict q100 rbinom read.csv region rmultinom runif
  scarcity_index shortage_age study_area study_data time_sim
  value_function_config vf_scarcity_residents vhat vulnerability_Ab
  vulnerability_D water_scarcity_weekly year year_change
Consider adding
  importFrom("stats", "predict", "rbinom", "rmultinom", "runif")
  importFrom("utils", "read.csv")
to your NAMESPACE file.
* checking Rd files ... OK
* checking Rd metadata ... OK
* checking Rd line widths ... OK
* checking Rd cross-references ... OK
* checking for missing documentation entries ... WARNING
Undocumented code objects:
  'COLUMNS_TO_SAVE' 'PK_JOIN' 'Peticion_Delegaciones_vf'
  'Peticiones_usuarios_vf' 'VBSA' 'Value_Function_cut_offs'
  'apply_data_changes' 'calc.STi' 'calc.Si' 'calc.VTi' 'calc.Vhat'
  'calc.Vi' 'calculate_new_population' 'calculate_scarcity_index'
  'campana_invertida' 'capacity_drainage_vf' 'compare_results'
  'concava_creciente' 'concava_decreciente' 'convexa_creciente'
  'convexa_decreciente' 'createLinearMatrices' 'create_megadapt'
  'create_mental_models' 'create_params'
  'create_public_infrastructure_work_plan' 'create_study_data'
  'create_time_info' 'create_value_function_config'
  'depreciate_public_infrastructure' 'determine_protest_suitability'
  'determine_public_infrastructure_investment_suitability'
  'determine_public_infrastructure_work_plan'
  'determine_residential_infrastructure_suitability'
  'drainages_clogged_vf' 'falta_infrastructure_resident_vf'
  'flooding_vf' 'gaussian' 'health_vf' 'ideal_distance' 'initial_state'
  'initialize_megadapt' 'lack_of_infrastructure_vf'
  'load_flooding_models' 'load_obj' 'load_ponding_models'
  'load_value_function_config' 'logistic_invertida' 'logistic_vf'
  'make_public_infrastructure_investments' 'modelMetrics' 'ponding_vf'
  'pression_medios_vf' 'rainfall_vf' 'run' 'run_off_vf' 'save_TS'
  'scarcity_residents_empirical_vf' 'scarcity_residents_vf'
  'scarcity_sacmex_vf' 'social_pressure_vf' 'toyFunction'
  'update_flooding' 'update_protests' 'update_public_infrastructure'
  'update_residential_infrastructure_investments'
  'update_water_scarcity_original' 'urban_growth_f'
  'water_quality_residents_vf'
All user-level objects in a package should have documentation entries.
See chapter 'Writing R documentation files' in the 'Writing R
Extensions' manual.
* checking for code/documentation mismatches ... OK
* checking Rd \usage sections ... WARNING
Undocumented arguments in documentation object 'determine_site_suitability'
  'study_data' 'value_function_config' 'mental_models'

Undocumented arguments in documentation object 'simulate_megadapt'
  'megadapt'

Undocumented arguments in documentation object 'update_climate'
  'next_year_study_data'

Undocumented arguments in documentation object 'update_ponding'
  'study_data'

Undocumented arguments in documentation object 'update_year_megadapt'
  'megadapt' 'month_step_counts'

Functions with \usage entries need to have the appropriate \alias
entries, and all their arguments documented.
The \usage entries must correspond to syntactically valid R code.
See chapter 'Writing R documentation files' in the 'Writing R
Extensions' manual.
* checking Rd contents ... OK
* checking for unstated dependencies in examples ... OK
* checking examples ... NONE
* checking for unstated dependencies in 'tests' ... OK
* checking tests ... OK
  Running 'testthat.R'
* DONE
Status: 4 WARNINGs, 1 NOTE
